SSL Orchestrator Clean Slate - v1.0
Started: Wed Mar 11 15:36:32 EDT 2026

============================================================
  Pre-Flight Checks
============================================================
  [ OK ]  Running as root
  [ OK ]  tmsh found
  [ OK ]  restcurl found
  [ OK ]  jq found
  [ OK ]  TMOS Version: 17.5.1.5
  [ OK ]  Detected installed SSLO RPM: f5-iappslx-ssl-orchestrator-17.5.1-12.3.2.noarch

============================================================
  Credentials
============================================================
  [INFO]  Enter BIG-IP admin credentials.
  [....] Validating credentials...
  [ OK ]  Credentials validated successfully

============================================================
  Confirmation Required
============================================================
  [WARN]  This script will PERMANENTLY DELETE all SSL Orchestrator
  [WARN]  configuration on this BIG-IP. This cannot be undone.

  [INFO]  Device:   
  [INFO]  Log file: /var/log/sslo-clean-20260311_153632.log

  [ OK ]  Confirmed by user. Proceeding with clean slate.

============================================================
  Step 1 of 7: Backing Up Installed SSLO RPM
============================================================
  [ OK ]  RPM backed up to: /var/tmp/f5-iappslx-ssl-orchestrator-17.5.1-12.3.2.noarch.rpm

============================================================
  Step 2 of 7: Deleting iApp Blocks and Installed Packages
============================================================
  [....] Deleting iApp block: 09511971-b747-320a-a2d9-c8632b78ecb5
  [ OK ]  Deleted block: 09511971-b747-320a-a2d9-c8632b78ecb5
  [....] Deleting iApp block: 09c27695-fd3d-4617-a569-efbc15da796a
  [ OK ]  Deleted block: 09c27695-fd3d-4617-a569-efbc15da796a
  [....] Deleting iApp block: 0ddef6e5-2b30-3752-b330-779ec0c2d182
  [ OK ]  Deleted block: 0ddef6e5-2b30-3752-b330-779ec0c2d182
  [....] Deleting iApp block: 1c638ba1-d94a-4b62-a66e-41a7f10925b6
  [ OK ]  Deleted block: 1c638ba1-d94a-4b62-a66e-41a7f10925b6
  [....] Deleting iApp block: 1c7e6cac-4da8-47b0-bb74-a70a83d4e488
  [ OK ]  Deleted block: 1c7e6cac-4da8-47b0-bb74-a70a83d4e488
  [....] Deleting iApp block: 1e66f5dc-3329-30c3-80b2-46efb7adb673
  [ OK ]  Deleted block: 1e66f5dc-3329-30c3-80b2-46efb7adb673
  [....] Deleting iApp block: 316c5f51-48db-36a1-86c2-f0807b724e24
  [ OK ]  Deleted block: 316c5f51-48db-36a1-86c2-f0807b724e24
  [....] Deleting iApp block: 4542f40b-6379-36fe-86db-d95d146507fb
  [ OK ]  Deleted block: 4542f40b-6379-36fe-86db-d95d146507fb
  [....] Deleting iApp block: 4a81867f-c376-3059-a034-5bc4d31905f3
  [ OK ]  Deleted block: 4a81867f-c376-3059-a034-5bc4d31905f3
  [....] Deleting iApp block: 5e28d20b-5544-3768-8b1c-b2292a49cc77
  [ OK ]  Deleted block: 5e28d20b-5544-3768-8b1c-b2292a49cc77
  [....] Deleting iApp block: 6216d0d5-8760-4d04-b4c7-e71d87eab4bc
  [ OK ]  Deleted block: 6216d0d5-8760-4d04-b4c7-e71d87eab4bc
  [....] Deleting iApp block: aeeeba3a-4ad4-4a3d-9f82-1d86be2d4355
  [ OK ]  Deleted block: aeeeba3a-4ad4-4a3d-9f82-1d86be2d4355
  [....] Deleting iApp block: b135b3b6-6e79-3e68-93a3-2b5920d09b6a
  [ OK ]  Deleted block: b135b3b6-6e79-3e68-93a3-2b5920d09b6a
  [....] Deleting iApp block: c50a92e8-876d-4de2-8b03-a2d84a80df7b
  [ OK ]  Deleted block: c50a92e8-876d-4de2-8b03-a2d84a80df7b
  [....] Deleting iApp block: c889965e-ed19-3d95-9546-2a18a5fbaddc
  [ OK ]  Deleted block: c889965e-ed19-3d95-9546-2a18a5fbaddc
  [....] Deleting iApp block: d26e1e2f-4614-3bcc-8c9c-8eb0954ed0dd
  [ OK ]  Deleted block: d26e1e2f-4614-3bcc-8c9c-8eb0954ed0dd
  [....] Deleting iApp block: d7a0f444-9c6b-33bc-8fc5-9505e9ccfdec
  [ OK ]  Deleted block: d7a0f444-9c6b-33bc-8fc5-9505e9ccfdec
  [....] Deleting iApp block: e34808e1-e1c1-318f-a71f-4b3f565765a7
  [ OK ]  Deleted block: e34808e1-e1c1-318f-a71f-4b3f565765a7
  [....] Deleting iApp block: e358509a-b36c-32a7-92b4-c3eba82dfc17
  [ OK ]  Deleted block: e358509a-b36c-32a7-92b4-c3eba82dfc17
  [....] Deleting iApp block: f498ca52-c310-3b26-baf7-871284770d31
  [ OK ]  Deleted block: f498ca52-c310-3b26-baf7-871284770d31
  [....] Deleting iApp block: f5012a71-18bf-31e7-b112-cba3b67a6703
  [ OK ]  Deleted block: f5012a71-18bf-31e7-b112-cba3b67a6703
  [....] Deleting iApp block: fe54e3c9-d668-3e72-b9c1-3f86816f877a
  [ OK ]  Deleted block: fe54e3c9-d668-3e72-b9c1-3f86816f877a
  [ OK ]  Processed 22 iApp block(s)
  [....] Deleting installed package: 9beb912b-4f1c-3f95-94c3-eb1cbac4ab99
  [ OK ]  Deleted package: 9beb912b-4f1c-3f95-94c3-eb1cbac4ab99
  [ OK ]  Processed 1 installed package(s)

============================================================
  Step 3 of 7 (Pass 1): Deleting SSLO Application Services
============================================================
  [....] Processing application service: ssloF_global.app/ssloF_global
  [ OK ]  Disabled strict-updates on: ssloF_global.app/ssloF_global
  [ OK ]  Deleted application service: ssloF_global.app/ssloF_global
  [....] Processing application service: ssloGS_global.app/ssloGS_global
  [ OK ]  Disabled strict-updates on: ssloGS_global.app/ssloGS_global
  [WARN]  Could not delete application service: ssloGS_global.app/ssloGS_global (may already be gone)
  [....] Processing application service: ssloN_Versa_IPS-70-0-D4.app/ssloN_Versa_IPS-70-0-D4
  [ OK ]  Disabled strict-updates on: ssloN_Versa_IPS-70-0-D4.app/ssloN_Versa_IPS-70-0-D4
  [ OK ]  Deleted application service: ssloN_Versa_IPS-70-0-D4.app/ssloN_Versa_IPS-70-0-D4
  [....] Processing application service: ssloN_Versa_IPS-70-0-S4.app/ssloN_Versa_IPS-70-0-S4
  [ OK ]  Disabled strict-updates on: ssloN_Versa_IPS-70-0-S4.app/ssloN_Versa_IPS-70-0-S4
  [ OK ]  Deleted application service: ssloN_Versa_IPS-70-0-S4.app/ssloN_Versa_IPS-70-0-S4
  [....] Processing application service: ssloN_Versa_IPS-70-0-flt-D4ForFltIP.app/ssloN_Versa_IPS-70-0-flt-D4ForFltIP
  [ OK ]  Disabled strict-updates on: ssloN_Versa_IPS-70-0-flt-D4ForFltIP.app/ssloN_Versa_IPS-70-0-flt-D4ForFltIP
  [ OK ]  Deleted application service: ssloN_Versa_IPS-70-0-flt-D4ForFltIP.app/ssloN_Versa_IPS-70-0-flt-D4ForFltIP
  [....] Processing application service: ssloN_Versa_IPS-70-0-flt-S4ForFltIP.app/ssloN_Versa_IPS-70-0-flt-S4ForFltIP
  [ OK ]  Disabled strict-updates on: ssloN_Versa_IPS-70-0-flt-S4ForFltIP.app/ssloN_Versa_IPS-70-0-flt-S4ForFltIP
  [ OK ]  Deleted application service: ssloN_Versa_IPS-70-0-flt-S4ForFltIP.app/ssloN_Versa_IPS-70-0-flt-S4ForFltIP
  [....] Processing application service: ssloP_L3_Outbound_tcp443.app/ssloP_L3_Outbound_tcp443
  [ OK ]  Disabled strict-updates on: ssloP_L3_Outbound_tcp443.app/ssloP_L3_Outbound_tcp443
  [WARN]  Could not delete application service: ssloP_L3_Outbound_tcp443.app/ssloP_L3_Outbound_tcp443 (may already be gone)
  [....] Processing application service: ssloS_Versa_IPS.app/ssloS_Versa_IPS
  [ OK ]  Disabled strict-updates on: ssloS_Versa_IPS.app/ssloS_Versa_IPS
  [ OK ]  Deleted application service: ssloS_Versa_IPS.app/ssloS_Versa_IPS
  [....] Processing application service: ssloT_L3_Outbound_tcp443.app/ssloT_L3_Outbound_tcp443
  [ OK ]  Disabled strict-updates on: ssloT_L3_Outbound_tcp443.app/ssloT_L3_Outbound_tcp443
  [WARN]  Could not delete application service: ssloT_L3_Outbound_tcp443.app/ssloT_L3_Outbound_tcp443 (may already be gone)
  [....] Processing application service: sslo_L3_Outbound_tcp443.app/sslo_L3_Outbound_tcp443
  [ OK ]  Disabled strict-updates on: sslo_L3_Outbound_tcp443.app/sslo_L3_Outbound_tcp443
  [ OK ]  Deleted application service: sslo_L3_Outbound_tcp443.app/sslo_L3_Outbound_tcp443
  [ OK ]  Processed 10 application service(s)

============================================================
  Step 4 of 7 (Pass 1): Unbinding SSLO Blocks
============================================================
  [INFO]  No SSLO blocks found to unbind.

============================================================
  Step 5 of 7: Deleting SSLO tmsh Objects
============================================================
  [....] Deleting: tmsh delete apm profile access /Common/ssloDefault_accessProfile
  [ OK ]  Deleted: apm profile access /Common/ssloDefault_accessProfile
  [....] Deleting: tmsh delete net dns-resolver /Common/ssloGS_global.app/ssloGS-net-resolver
  [ OK ]  Deleted: net dns-resolver /Common/ssloGS_global.app/ssloGS-net-resolver
  [....] Deleting: tmsh delete sys application service /Common/ssloGS_global.app/ssloGS_global
  [INFO]  Skipped (not present or already deleted): sys application service /Common/ssloGS_global.app/ssloGS_global
  [....] Deleting: tmsh delete apm policy access-policy /Common/ssloDefault_accessPolicy
  [ OK ]  Deleted: apm policy access-policy /Common/ssloDefault_accessPolicy
  [....] Deleting: tmsh delete apm policy access-policy ssloDefault_accessPolicy 
  [WARN]  Could not delete (may already be gone): apm policy access-policy ssloDefault_accessPolicy 
  [....] Deleting: tmsh delete apm policy agent ending-allow ssloDefault_end_allow_ag 
  [WARN]  Could not delete (may already be gone): apm policy agent ending-allow ssloDefault_end_allow_ag 
  [....] Deleting: tmsh delete apm policy agent ending-deny ssloDefault_end_deny_ag 
  [WARN]  Could not delete (may already be gone): apm policy agent ending-deny ssloDefault_end_deny_ag 
  [....] Deleting: tmsh delete apm policy customization-group ssloDefault_accessProfile_eps 
  [WARN]  Could not delete (may already be gone): apm policy customization-group ssloDefault_accessProfile_eps 
  [....] Deleting: tmsh delete apm policy customization-group ssloDefault_accessProfile_errormap 
  [WARN]  Could not delete (may already be gone): apm policy customization-group ssloDefault_accessProfile_errormap 
  [....] Deleting: tmsh delete apm policy customization-group ssloDefault_accessProfile_framework_installation 
  [WARN]  Could not delete (may already be gone): apm policy customization-group ssloDefault_accessProfile_framework_installation 
  [....] Deleting: tmsh delete apm policy customization-group ssloDefault_accessProfile_general_ui 
  [WARN]  Could not delete (may already be gone): apm policy customization-group ssloDefault_accessProfile_general_ui 
  [....] Deleting: tmsh delete apm policy customization-group ssloDefault_end_deny_ag_logout 
  [WARN]  Could not delete (may already be gone): apm policy customization-group ssloDefault_end_deny_ag_logout 
  [....] Deleting: tmsh delete apm policy customization-group ssloDefault_logout 
  [WARN]  Could not delete (may already be gone): apm policy customization-group ssloDefault_logout 
  [....] Deleting: tmsh delete apm policy policy-item ssloDefault_end_allow 
  [WARN]  Could not delete (may already be gone): apm policy policy-item ssloDefault_end_allow 
  [....] Deleting: tmsh delete apm policy policy-item ssloDefault_end_deny 
  [WARN]  Could not delete (may already be gone): apm policy policy-item ssloDefault_end_deny 
  [....] Deleting: tmsh delete apm policy policy-item ssloDefault_ent 
  [WARN]  Could not delete (may already be gone): apm policy policy-item ssloDefault_ent 
  [....] Deleting: tmsh delete apm profile access ssloDefault_accessProfile 
  [WARN]  Could not delete (may already be gone): apm profile access ssloDefault_accessProfile 
  [....] Deleting: tmsh delete cm device sslo1.lab.local 
  [WARN]  Could not delete (may already be gone): cm device sslo1.lab.local 
  [....] Deleting: tmsh delete ltm classification category sslo-urlCatPinners 
  [ OK ]  Deleted: ltm classification category sslo-urlCatPinners 
  [....] Deleting: tmsh delete ltm classification url-category sslo-urlCatPinners 
  [WARN]  Could not delete (may already be gone): ltm classification url-category sslo-urlCatPinners 
  [....] Deleting: tmsh delete ltm profile client-ssl sslo-default-clientssl 
  [WARN]  Could not delete (may already be gone): ltm profile client-ssl sslo-default-clientssl 
  [....] Deleting: tmsh delete ltm profile fastl4 sslo-default-fastL4 
  [ OK ]  Deleted: ltm profile fastl4 sslo-default-fastL4 
  [....] Deleting: tmsh delete ltm profile ftp sslo-default-ftp 
  [ OK ]  Deleted: ltm profile ftp sslo-default-ftp 
  [....] Deleting: tmsh delete ltm profile http sslo-default-http 
  [ OK ]  Deleted: ltm profile http sslo-default-http 
  [....] Deleting: tmsh delete ltm profile http sslo-default-http-explicit 
  [ OK ]  Deleted: ltm profile http sslo-default-http-explicit 
  [....] Deleting: tmsh delete ltm profile http-proxy-connect sslo-default-http-proxy-connect 
  [ OK ]  Deleted: ltm profile http-proxy-connect sslo-default-http-proxy-connect 
  [....] Deleting: tmsh delete ltm profile icap sslo-default-icap 
  [ OK ]  Deleted: ltm profile icap sslo-default-icap 
  [....] Deleting: tmsh delete ltm profile imap sslo-default-imap 
  [ OK ]  Deleted: ltm profile imap sslo-default-imap 
  [....] Deleting: tmsh delete ltm profile ocsp sslo-default-ocsp 
  [ OK ]  Deleted: ltm profile ocsp sslo-default-ocsp 
  [....] Deleting: tmsh delete ltm profile one-connect sslo-default-oneconnect 
  [ OK ]  Deleted: ltm profile one-connect sslo-default-oneconnect 
  [....] Deleting: tmsh delete ltm profile pop3 sslo-default-pop3 
  [ OK ]  Deleted: ltm profile pop3 sslo-default-pop3 
  [....] Deleting: tmsh delete ltm profile request-adapt sslo-default-requestadapt 
  [ OK ]  Deleted: ltm profile request-adapt sslo-default-requestadapt 
  [....] Deleting: tmsh delete ltm profile response-adapt sslo-default-responseadapt 
  [ OK ]  Deleted: ltm profile response-adapt sslo-default-responseadapt 
  [....] Deleting: tmsh delete ltm profile server-ssl sslo-default-serverssl 
  [WARN]  Could not delete (may already be gone): ltm profile server-ssl sslo-default-serverssl 
  [....] Deleting: tmsh delete ltm profile smtps sslo-default-smtps 
  [ OK ]  Deleted: ltm profile smtps sslo-default-smtps 
  [....] Deleting: tmsh delete ltm profile tcp sslo-default-tcp-lan 
  [ OK ]  Deleted: ltm profile tcp sslo-default-tcp-lan 
  [....] Deleting: tmsh delete ltm profile tcp sslo-default-tcp-wan 
  [ OK ]  Deleted: ltm profile tcp sslo-default-tcp-wan 
  [....] Deleting: tmsh delete ltm profile udp sslo-default-udp 
  [ OK ]  Deleted: ltm profile udp sslo-default-udp 
  [....] Deleting: tmsh delete net dns-resolver sslo-default-http-explicit-profile-dns-resolver 
  [ OK ]  Deleted: net dns-resolver sslo-default-http-explicit-profile-dns-resolver 
  [....] Deleting: tmsh delete sys folder ssloGS_global.app 
  [WARN]  Could not delete (may already be gone): sys folder ssloGS_global.app 
  [....] Deleting: tmsh delete sys folder ssloP_L3_Outbound_tcp443.app 
  [WARN]  Could not delete (may already be gone): sys folder ssloP_L3_Outbound_tcp443.app 
  [....] Deleting: tmsh delete sys folder ssloT_L3_Outbound_tcp443.app 
  [WARN]  Could not delete (may already be gone): sys folder ssloT_L3_Outbound_tcp443.app 
  [....] Deleting: tmsh delete sys url-db url-category sslo-urlCatPinners 
  [WARN]  Could not delete (may already be gone): sys url-db url-category sslo-urlCatPinners 
  [ OK ]  Processed 39 additional SSLO tmsh object(s)

============================================================
  Step 3 of 7 (Pass 2): Deleting SSLO Application Services
============================================================
  [....] Processing application service: ssloGS_global.app/ssloGS_global
  [ OK ]  Disabled strict-updates on: ssloGS_global.app/ssloGS_global
  [WARN]  Could not delete application service: ssloGS_global.app/ssloGS_global (may already be gone)
  [....] Processing application service: ssloP_L3_Outbound_tcp443.app/ssloP_L3_Outbound_tcp443
  [ OK ]  Disabled strict-updates on: ssloP_L3_Outbound_tcp443.app/ssloP_L3_Outbound_tcp443
  [ OK ]  Deleted application service: ssloP_L3_Outbound_tcp443.app/ssloP_L3_Outbound_tcp443
  [....] Processing application service: ssloT_L3_Outbound_tcp443.app/ssloT_L3_Outbound_tcp443
  [ OK ]  Disabled strict-updates on: ssloT_L3_Outbound_tcp443.app/ssloT_L3_Outbound_tcp443
  [ OK ]  Deleted application service: ssloT_L3_Outbound_tcp443.app/ssloT_L3_Outbound_tcp443
  [ OK ]  Processed 3 application service(s)

============================================================
  Step 4 of 7 (Pass 2): Unbinding SSLO Blocks
============================================================
  [INFO]  No SSLO blocks found to unbind.

============================================================
  Step 6 of 7: Clearing REST Storage
============================================================
  [WARN]  This will wipe /var/config/rest/downloads and all REST-persisted data.
  [INFO]  RPM has already been backed up to /var/tmp — safe to proceed.
  [ OK ]  REST storage cleared successfully
  [INFO]  Waiting 10 seconds for REST framework to stabilise...
  [ OK ]  REST framework stabilisation wait complete

============================================================
  Step 7 of 7: Post-Run Verification
============================================================
  [ OK ]  No SSLO application services remain
  [ OK ]  No SSLO iApp blocks remain
  [ OK ]  SSLO RPM is not installed (expected). Backed up to: /var/tmp/f5-iappslx-ssl-orchestrator-17.5.1-12.3.2.noarch.rpm
  [INFO]  Manual reinstall required via GUI: iApps > Package Management LX > Import

============================================================
  Run Summary
============================================================
  [INFO]  Completed at: Wed Mar 11 15:39:54 EDT 2026
  [INFO]  Log file:     /var/log/sslo-clean-20260311_153632.log
  [ OK ]  Script completed with no errors.
  [ OK ]  SSLO configuration has been removed.

  [INFO]  RPM backed up to: /var/tmp/f5-iappslx-ssl-orchestrator-17.5.1-12.3.2.noarch.rpm
  [INFO]  To reinstall, upload the RPM via the GUI:
  [INFO]    iApps > Package Management LX > Import

