SSL Orchestrator Nuclear Delete - v12.1
Started: Wed Mar 11 11:31:06 EDT 2026

============================================================
  Pre-Flight Checks
============================================================
  [ OK ]  Running as root
  [ OK ]  tmsh found
  [ OK ]  restcurl found
  [ OK ]  jq found
  [ OK ]  TMOS Version: 17.5.1.5
  [WARN]  No SSLO RPM detected in installed packages. Proceeding anyway.

============================================================
  Credentials
============================================================
  [INFO]  Enter BIG-IP admin credentials (used for REST API calls).
  [INFO]  Credentials are NOT written to the log file.
  [....] Validating credentials...
  [ OK ]  Credentials validated successfully

============================================================
  Confirmation Required
============================================================
  [WARN]  This script will PERMANENTLY DELETE all SSL Orchestrator
  [WARN]  configuration on this BIG-IP. This cannot be undone.

  [INFO]  Device:   
  [INFO]  Log file: /var/log/sslo-nuke-20260311_113106.log

  [ OK ]  Confirmed by user. Proceeding with nuclear delete.

============================================================
  Step 1 of 7: Backing Up Installed SSLO RPM
============================================================
  [WARN]  Could not detect an installed SSLO RPM. RPM backup skipped.
  [WARN]  You will need to manually supply the RPM after this script completes.

============================================================
  Step 2 of 7: Deleting iApp Blocks and Installed Packages
============================================================
  [INFO]  No iApp blocks found.
  [INFO]  No installed packages found.

============================================================
  Step 3 of 7 (Pass 1): Deleting SSLO Application Services
============================================================
  [INFO]  No SSLO application services found.

============================================================
  Step 4 of 7 (Pass 1): Unbinding SSLO Blocks
============================================================
  [INFO]  No SSLO blocks found to unbind.

============================================================
  Step 5 of 7: Deleting SSLO tmsh Objects
============================================================
  [....] Deleting: tmsh delete apm profile access /Common/ssloDefault_accessProfile
  [INFO]  Skipped (not present or already deleted): apm profile access /Common/ssloDefault_accessProfile
  [....] Deleting: tmsh delete net dns-resolver /Common/ssloGS_global.app/ssloGS-net-resolver
  [INFO]  Skipped (not present or already deleted): net dns-resolver /Common/ssloGS_global.app/ssloGS-net-resolver
  [....] Deleting: tmsh delete sys application service /Common/ssloGS_global.app/ssloGS_global
  [INFO]  Skipped (not present or already deleted): sys application service /Common/ssloGS_global.app/ssloGS_global
  [....] Deleting: tmsh delete apm policy access-policy /Common/ssloDefault_accessPolicy
  [INFO]  Skipped (not present or already deleted): apm policy access-policy /Common/ssloDefault_accessPolicy
  [....] Deleting: tmsh delete cm device sslo1.lab.local 
  [WARN]  Could not delete (may already be gone): cm device sslo1.lab.local 
  [ OK ]  Processed 1 additional SSLO tmsh object(s)

============================================================
  Step 3 of 7 (Pass 2): Deleting SSLO Application Services
============================================================
  [INFO]  No SSLO application services found.

============================================================
  Step 4 of 7 (Pass 2): Unbinding SSLO Blocks
============================================================
  [INFO]  No SSLO blocks found to unbind.

============================================================
  Step 6 of 7: Clearing REST Storage
============================================================
  [WARN]  This will wipe /var/config/rest/downloads and all REST-persisted data.
  [INFO]  RPM has already been backed up to /var/tmp — safe to proceed.
  [ OK ]  REST storage cleared successfully
  [INFO]  Waiting 10 seconds for REST framework to stabilise...
  [ OK ]  REST framework stabilisation wait complete

============================================================
  Step 7 of 7: Post-Run Verification
============================================================
  [ OK ]  No SSLO application services remain
  [ OK ]  No SSLO iApp blocks remain
  [WARN]  SSLO RPM is not installed and no backup was made. Manual RPM sourcing required.

============================================================
  Run Summary
============================================================
  [INFO]  Completed at: Wed Mar 11 11:32:29 EDT 2026
  [INFO]  Log file:     /var/log/sslo-nuke-20260311_113106.log
  [ OK ]  Script completed with no errors.
  [ OK ]  SSLO configuration has been removed.

  [WARN]  No RPM was backed up. You will need to obtain the SSLO RPM
  [WARN]  and install it manually via the GUI before reconfiguring.

